Start testing: Dec 15 14:16 CST
----------------------------------------------------------
1/4 Testing: cppcheck
1/4 Test: cppcheck
Command: "/usr/bin/python3.10" "-u" "/opt/ros/humble/share/ament_cmake_test/cmake/run_test.py" "/home/lio/Desktop/ROSPractice/Practice2_Node/build/village_wang/test_results/village_wang/cppcheck.xunit.xml" "--package-name" "village_wang" "--output-file" "/home/lio/Desktop/ROSPractice/Practice2_Node/build/village_wang/ament_cppcheck/cppcheck.txt" "--command" "/opt/ros/humble/bin/ament_cppcheck" "--xunit-file" "/home/lio/Desktop/ROSPractice/Practice2_Node/build/village_wang/test_results/village_wang/cppcheck.xunit.xml"
Directory: /home/lio/Desktop/ROSPractice/Practice2_Node/src/village_wang
"cppcheck" start time: Dec 15 14:16 CST
Output:
----------------------------------------------------------
-- run_test.py: invoking following command in '/home/lio/Desktop/ROSPractice/Practice2_Node/src/village_wang':
 - /opt/ros/humble/bin/ament_cppcheck --xunit-file /home/lio/Desktop/ROSPractice/Practice2_Node/build/village_wang/test_results/village_wang/cppcheck.xunit.xml
cppcheck 2.7 has known performance issues and therefore will not be used, set the AMENT_CPPCHECK_ALLOW_SLOW_VERSIONS environment variable to override this.
-- run_test.py: return code 0
-- run_test.py: verify result file '/home/lio/Desktop/ROSPractice/Practice2_Node/build/village_wang/test_results/village_wang/cppcheck.xunit.xml'
<end of output>
Test time =   0.15 sec
----------------------------------------------------------
Test Passed.
"cppcheck" end time: Dec 15 14:16 CST
"cppcheck" time elapsed: 00:00:00
----------------------------------------------------------

2/4 Testing: lint_cmake
2/4 Test: lint_cmake
Command: "/usr/bin/python3.10" "-u" "/opt/ros/humble/share/ament_cmake_test/cmake/run_test.py" "/home/lio/Desktop/ROSPractice/Practice2_Node/build/village_wang/test_results/village_wang/lint_cmake.xunit.xml" "--package-name" "village_wang" "--output-file" "/home/lio/Desktop/ROSPractice/Practice2_Node/build/village_wang/ament_lint_cmake/lint_cmake.txt" "--command" "/opt/ros/humble/bin/ament_lint_cmake" "--xunit-file" "/home/lio/Desktop/ROSPractice/Practice2_Node/build/village_wang/test_results/village_wang/lint_cmake.xunit.xml"
Directory: /home/lio/Desktop/ROSPractice/Practice2_Node/src/village_wang
"lint_cmake" start time: Dec 15 14:16 CST
Output:
----------------------------------------------------------
-- run_test.py: invoking following command in '/home/lio/Desktop/ROSPractice/Practice2_Node/src/village_wang':
 - /opt/ros/humble/bin/ament_lint_cmake --xunit-file /home/lio/Desktop/ROSPractice/Practice2_Node/build/village_wang/test_results/village_wang/lint_cmake.xunit.xml

No problems found
-- run_test.py: return code 0
-- run_test.py: verify result file '/home/lio/Desktop/ROSPractice/Practice2_Node/build/village_wang/test_results/village_wang/lint_cmake.xunit.xml'
<end of output>
Test time =   0.11 sec
----------------------------------------------------------
Test Passed.
"lint_cmake" end time: Dec 15 14:16 CST
"lint_cmake" time elapsed: 00:00:00
----------------------------------------------------------

3/4 Testing: uncrustify
3/4 Test: uncrustify
Command: "/usr/bin/python3.10" "-u" "/opt/ros/humble/share/ament_cmake_test/cmake/run_test.py" "/home/lio/Desktop/ROSPractice/Practice2_Node/build/village_wang/test_results/village_wang/uncrustify.xunit.xml" "--package-name" "village_wang" "--output-file" "/home/lio/Desktop/ROSPractice/Practice2_Node/build/village_wang/ament_uncrustify/uncrustify.txt" "--command" "/opt/ros/humble/bin/ament_uncrustify" "--xunit-file" "/home/lio/Desktop/ROSPractice/Practice2_Node/build/village_wang/test_results/village_wang/uncrustify.xunit.xml"
Directory: /home/lio/Desktop/ROSPractice/Practice2_Node/src/village_wang
"uncrustify" start time: Dec 15 14:16 CST
Output:
----------------------------------------------------------
-- run_test.py: invoking following command in '/home/lio/Desktop/ROSPractice/Practice2_Node/src/village_wang':
 - /opt/ros/humble/bin/ament_uncrustify --xunit-file /home/lio/Desktop/ROSPractice/Practice2_Node/build/village_wang/test_results/village_wang/uncrustify.xunit.xml
Code style divergence in file 'src/wang.cpp':

--- src/wang.cpp
+++ src/wang.cpp.uncrustify
@@ -3,8 +3,9 @@
-int main(int argc, char * argv[]){
-    rclcpp::init(argc,argv);
-    auto node = std::make_shared<rclcpp::Node>("wang");
-    RCLCPP_INFO(node->get_logger(),"大家好,我是wang");
-    rclcpp::spin(node);
-    rclcpp::shutdown();
-    return 0;
-}
+int main(int argc, char * argv[])
+{
+  rclcpp::init(argc, argv);
+  auto node = std::make_shared<rclcpp::Node>("wang");
+  RCLCPP_INFO(node->get_logger(), "大家好,我是wang");
+  rclcpp::spin(node);
+  rclcpp::shutdown();
+  return 0;
+}

1 files with code style divergence
-- run_test.py: return code 1
-- run_test.py: verify result file '/home/lio/Desktop/ROSPractice/Practice2_Node/build/village_wang/test_results/village_wang/uncrustify.xunit.xml'
<end of output>
Test time =   0.12 sec
----------------------------------------------------------
Test Failed.
"uncrustify" end time: Dec 15 14:16 CST
"uncrustify" time elapsed: 00:00:00
----------------------------------------------------------

4/4 Testing: xmllint
4/4 Test: xmllint
Command: "/usr/bin/python3.10" "-u" "/opt/ros/humble/share/ament_cmake_test/cmake/run_test.py" "/home/lio/Desktop/ROSPractice/Practice2_Node/build/village_wang/test_results/village_wang/xmllint.xunit.xml" "--package-name" "village_wang" "--output-file" "/home/lio/Desktop/ROSPractice/Practice2_Node/build/village_wang/ament_xmllint/xmllint.txt" "--command" "/opt/ros/humble/bin/ament_xmllint" "--xunit-file" "/home/lio/Desktop/ROSPractice/Practice2_Node/build/village_wang/test_results/village_wang/xmllint.xunit.xml"
Directory: /home/lio/Desktop/ROSPractice/Practice2_Node/src/village_wang
"xmllint" start time: Dec 15 14:16 CST
Output:
----------------------------------------------------------
-- run_test.py: invoking following command in '/home/lio/Desktop/ROSPractice/Practice2_Node/src/village_wang':
 - /opt/ros/humble/bin/ament_xmllint --xunit-file /home/lio/Desktop/ROSPractice/Practice2_Node/build/village_wang/test_results/village_wang/xmllint.xunit.xml
File 'package.xml' is valid

No problems found
-- run_test.py: return code 0
-- run_test.py: verify result file '/home/lio/Desktop/ROSPractice/Practice2_Node/build/village_wang/test_results/village_wang/xmllint.xunit.xml'
<end of output>
Test time =   1.10 sec
----------------------------------------------------------
Test Passed.
"xmllint" end time: Dec 15 14:16 CST
"xmllint" time elapsed: 00:00:01
----------------------------------------------------------

End testing: Dec 15 14:16 CST

cppcheck =   0.15 sec*proc

lint_cmake =   0.11 sec*proc

linter =   1.48 sec*proc

uncrustify =   0.12 sec*proc

xmllint =   1.10 sec*proc

