<?xml version="1.0" encoding="UTF-8"?>
<Site BuildName="(empty)"
	BuildStamp="20221215-0616-Experimental"
	Name="lio-MS-7D18"
	Generator="ctest-3.22.1"
	CompilerName="/usr/bin/c++"
	CompilerVersion="11.3.0"
	OSName="Linux"
	Hostname="lio-MS-7D18"
	OSRelease="5.15.0-56-generic"
	OSVersion="#62-Ubuntu SMP Tue Nov 22 19:54:14 UTC 2022"
	OSPlatform="x86_64"
	Is64Bits="1"
	VendorString="GenuineIntel"
	VendorID="Intel Corporation"
	FamilyID="6"
	ModelID="165"
	ProcessorCacheSize="12288"
	NumberOfLogicalCPU="12"
	NumberOfPhysicalCPU="6"
	TotalVirtualMemory="7811"
	TotalPhysicalMemory="15825"
	LogicalProcessorsPerPhysical="2"
	ProcessorClockFrequency="2900"
	>
	<Testing>
		<StartDateTime>Dec 15 14:16 CST</StartDateTime>
		<StartTestTime>1671084977</StartTestTime>
		<TestList>
			<Test>./cppcheck</Test>
			<Test>./lint_cmake</Test>
			<Test>./uncrustify</Test>
			<Test>./xmllint</Test>
		</TestList>
		<Test Status="passed">
			<Name>cppcheck</Name>
			<Path>.</Path>
			<FullName>./cppcheck</FullName>
			<FullCommandLine>/usr/bin/python3.10 "-u" "/opt/ros/humble/share/ament_cmake_test/cmake/run_test.py" "/home/lio/Desktop/ROSPractice/Practice2_Node/build/village_wang/test_results/village_wang/cppcheck.xunit.xml" "--package-name" "village_wang" "--output-file" "/home/lio/Desktop/ROSPractice/Practice2_Node/build/village_wang/ament_cppcheck/cppcheck.txt" "--command" "/opt/ros/humble/bin/ament_cppcheck" "--xunit-file" "/home/lio/Desktop/ROSPractice/Practice2_Node/build/village_wang/test_results/village_wang/cppcheck.xunit.xml"</FullCommandLine>
			<Results>
				<NamedMeasurement type="numeric/double" name="Execution Time">
					<Value>0.150523</Value>
				</NamedMeasurement>
				<NamedMeasurement type="numeric/double" name="Processors">
					<Value>1</Value>
				</NamedMeasurement>
				<NamedMeasurement type="text/string" name="Completion Status">
					<Value>Completed</Value>
				</NamedMeasurement>
				<NamedMeasurement type="text/string" name="Command Line">
					<Value>/usr/bin/python3.10 "-u" "/opt/ros/humble/share/ament_cmake_test/cmake/run_test.py" "/home/lio/Desktop/ROSPractice/Practice2_Node/build/village_wang/test_results/village_wang/cppcheck.xunit.xml" "--package-name" "village_wang" "--output-file" "/home/lio/Desktop/ROSPractice/Practice2_Node/build/village_wang/ament_cppcheck/cppcheck.txt" "--command" "/opt/ros/humble/bin/ament_cppcheck" "--xunit-file" "/home/lio/Desktop/ROSPractice/Practice2_Node/build/village_wang/test_results/village_wang/cppcheck.xunit.xml"</Value>
				</NamedMeasurement>
				<NamedMeasurement type="text/string" name="Environment">
					<Value>#CTEST_RESOURCE_GROUP_COUNT=</Value>
				</NamedMeasurement>
				<Measurement>
					<Value>-- run_test.py: invoking following command in '/home/lio/Desktop/ROSPractice/Practice2_Node/src/village_wang':
 - /opt/ros/humble/bin/ament_cppcheck --xunit-file /home/lio/Desktop/ROSPractice/Practice2_Node/build/village_wang/test_results/village_wang/cppcheck.xunit.xml
cppcheck 2.7 has known performance issues and therefore will not be used, set the AMENT_CPPCHECK_ALLOW_SLOW_VERSIONS environment variable to override this.
-- run_test.py: return code 0
-- run_test.py: verify result file '/home/lio/Desktop/ROSPractice/Practice2_Node/build/village_wang/test_results/village_wang/cppcheck.xunit.xml'
</Value>
				</Measurement>
			</Results>
			<Labels>
				<Label>cppcheck</Label>
				<Label>linter</Label>
			</Labels>
		</Test>
		<Test Status="passed">
			<Name>lint_cmake</Name>
			<Path>.</Path>
			<FullName>./lint_cmake</FullName>
			<FullCommandLine>/usr/bin/python3.10 "-u" "/opt/ros/humble/share/ament_cmake_test/cmake/run_test.py" "/home/lio/Desktop/ROSPractice/Practice2_Node/build/village_wang/test_results/village_wang/lint_cmake.xunit.xml" "--package-name" "village_wang" "--output-file" "/home/lio/Desktop/ROSPractice/Practice2_Node/build/village_wang/ament_lint_cmake/lint_cmake.txt" "--command" "/opt/ros/humble/bin/ament_lint_cmake" "--xunit-file" "/home/lio/Desktop/ROSPractice/Practice2_Node/build/village_wang/test_results/village_wang/lint_cmake.xunit.xml"</FullCommandLine>
			<Results>
				<NamedMeasurement type="numeric/double" name="Execution Time">
					<Value>0.105283</Value>
				</NamedMeasurement>
				<NamedMeasurement type="numeric/double" name="Processors">
					<Value>1</Value>
				</NamedMeasurement>
				<NamedMeasurement type="text/string" name="Completion Status">
					<Value>Completed</Value>
				</NamedMeasurement>
				<NamedMeasurement type="text/string" name="Command Line">
					<Value>/usr/bin/python3.10 "-u" "/opt/ros/humble/share/ament_cmake_test/cmake/run_test.py" "/home/lio/Desktop/ROSPractice/Practice2_Node/build/village_wang/test_results/village_wang/lint_cmake.xunit.xml" "--package-name" "village_wang" "--output-file" "/home/lio/Desktop/ROSPractice/Practice2_Node/build/village_wang/ament_lint_cmake/lint_cmake.txt" "--command" "/opt/ros/humble/bin/ament_lint_cmake" "--xunit-file" "/home/lio/Desktop/ROSPractice/Practice2_Node/build/village_wang/test_results/village_wang/lint_cmake.xunit.xml"</Value>
				</NamedMeasurement>
				<NamedMeasurement type="text/string" name="Environment">
					<Value>#CTEST_RESOURCE_GROUP_COUNT=</Value>
				</NamedMeasurement>
				<Measurement>
					<Value>-- run_test.py: invoking following command in '/home/lio/Desktop/ROSPractice/Practice2_Node/src/village_wang':
 - /opt/ros/humble/bin/ament_lint_cmake --xunit-file /home/lio/Desktop/ROSPractice/Practice2_Node/build/village_wang/test_results/village_wang/lint_cmake.xunit.xml

No problems found
-- run_test.py: return code 0
-- run_test.py: verify result file '/home/lio/Desktop/ROSPractice/Practice2_Node/build/village_wang/test_results/village_wang/lint_cmake.xunit.xml'
</Value>
				</Measurement>
			</Results>
			<Labels>
				<Label>lint_cmake</Label>
				<Label>linter</Label>
			</Labels>
		</Test>
		<Test Status="failed">
			<Name>uncrustify</Name>
			<Path>.</Path>
			<FullName>./uncrustify</FullName>
			<FullCommandLine>/usr/bin/python3.10 "-u" "/opt/ros/humble/share/ament_cmake_test/cmake/run_test.py" "/home/lio/Desktop/ROSPractice/Practice2_Node/build/village_wang/test_results/village_wang/uncrustify.xunit.xml" "--package-name" "village_wang" "--output-file" "/home/lio/Desktop/ROSPractice/Practice2_Node/build/village_wang/ament_uncrustify/uncrustify.txt" "--command" "/opt/ros/humble/bin/ament_uncrustify" "--xunit-file" "/home/lio/Desktop/ROSPractice/Practice2_Node/build/village_wang/test_results/village_wang/uncrustify.xunit.xml"</FullCommandLine>
			<Results>
				<NamedMeasurement type="text/string" name="Exit Code">
					<Value>Failed</Value>
				</NamedMeasurement>
				<NamedMeasurement type="text/string" name="Exit Value">
					<Value>1</Value>
				</NamedMeasurement>
				<NamedMeasurement type="numeric/double" name="Execution Time">
					<Value>0.121589</Value>
				</NamedMeasurement>
				<NamedMeasurement type="numeric/double" name="Processors">
					<Value>1</Value>
				</NamedMeasurement>
				<NamedMeasurement type="text/string" name="Completion Status">
					<Value>Completed</Value>
				</NamedMeasurement>
				<NamedMeasurement type="text/string" name="Command Line">
					<Value>/usr/bin/python3.10 "-u" "/opt/ros/humble/share/ament_cmake_test/cmake/run_test.py" "/home/lio/Desktop/ROSPractice/Practice2_Node/build/village_wang/test_results/village_wang/uncrustify.xunit.xml" "--package-name" "village_wang" "--output-file" "/home/lio/Desktop/ROSPractice/Practice2_Node/build/village_wang/ament_uncrustify/uncrustify.txt" "--command" "/opt/ros/humble/bin/ament_uncrustify" "--xunit-file" "/home/lio/Desktop/ROSPractice/Practice2_Node/build/village_wang/test_results/village_wang/uncrustify.xunit.xml"</Value>
				</NamedMeasurement>
				<NamedMeasurement type="text/string" name="Environment">
					<Value>#CTEST_RESOURCE_GROUP_COUNT=</Value>
				</NamedMeasurement>
				<Measurement>
					<Value>-- run_test.py: invoking following command in '/home/lio/Desktop/ROSPractice/Practice2_Node/src/village_wang':
 - /opt/ros/humble/bin/ament_uncrustify --xunit-file /home/lio/Desktop/ROSPractice/Practice2_Node/build/village_wang/test_results/village_wang/uncrustify.xunit.xml
Code style divergence in file 'src/wang.cpp':

--- src/wang.cpp
+++ src/wang.cpp.uncrustify
@@ -3,8 +3,9 @@
-int main(int argc, char * argv[]){
-    rclcpp::init(argc,argv);
-    auto node = std::make_shared&lt;rclcpp::Node&gt;("wang");
-    RCLCPP_INFO(node-&gt;get_logger(),"大家好,我是wang");
-    rclcpp::spin(node);
-    rclcpp::shutdown();
-    return 0;
-}
+int main(int argc, char * argv[])
+{
+  rclcpp::init(argc, argv);
+  auto node = std::make_shared&lt;rclcpp::Node&gt;("wang");
+  RCLCPP_INFO(node-&gt;get_logger(), "大家好,我是wang");
+  rclcpp::spin(node);
+  rclcpp::shutdown();
+  return 0;
+}

1 files with code style divergence
-- run_test.py: return code 1
-- run_test.py: verify result file '/home/lio/Desktop/ROSPractice/Practice2_Node/build/village_wang/test_results/village_wang/uncrustify.xunit.xml'
</Value>
				</Measurement>
			</Results>
			<Labels>
				<Label>linter</Label>
				<Label>uncrustify</Label>
			</Labels>
		</Test>
		<Test Status="passed">
			<Name>xmllint</Name>
			<Path>.</Path>
			<FullName>./xmllint</FullName>
			<FullCommandLine>/usr/bin/python3.10 "-u" "/opt/ros/humble/share/ament_cmake_test/cmake/run_test.py" "/home/lio/Desktop/ROSPractice/Practice2_Node/build/village_wang/test_results/village_wang/xmllint.xunit.xml" "--package-name" "village_wang" "--output-file" "/home/lio/Desktop/ROSPractice/Practice2_Node/build/village_wang/ament_xmllint/xmllint.txt" "--command" "/opt/ros/humble/bin/ament_xmllint" "--xunit-file" "/home/lio/Desktop/ROSPractice/Practice2_Node/build/village_wang/test_results/village_wang/xmllint.xunit.xml"</FullCommandLine>
			<Results>
				<NamedMeasurement type="numeric/double" name="Execution Time">
					<Value>1.1045</Value>
				</NamedMeasurement>
				<NamedMeasurement type="numeric/double" name="Processors">
					<Value>1</Value>
				</NamedMeasurement>
				<NamedMeasurement type="text/string" name="Completion Status">
					<Value>Completed</Value>
				</NamedMeasurement>
				<NamedMeasurement type="text/string" name="Command Line">
					<Value>/usr/bin/python3.10 "-u" "/opt/ros/humble/share/ament_cmake_test/cmake/run_test.py" "/home/lio/Desktop/ROSPractice/Practice2_Node/build/village_wang/test_results/village_wang/xmllint.xunit.xml" "--package-name" "village_wang" "--output-file" "/home/lio/Desktop/ROSPractice/Practice2_Node/build/village_wang/ament_xmllint/xmllint.txt" "--command" "/opt/ros/humble/bin/ament_xmllint" "--xunit-file" "/home/lio/Desktop/ROSPractice/Practice2_Node/build/village_wang/test_results/village_wang/xmllint.xunit.xml"</Value>
				</NamedMeasurement>
				<NamedMeasurement type="text/string" name="Environment">
					<Value>#CTEST_RESOURCE_GROUP_COUNT=</Value>
				</NamedMeasurement>
				<Measurement>
					<Value>-- run_test.py: invoking following command in '/home/lio/Desktop/ROSPractice/Practice2_Node/src/village_wang':
 - /opt/ros/humble/bin/ament_xmllint --xunit-file /home/lio/Desktop/ROSPractice/Practice2_Node/build/village_wang/test_results/village_wang/xmllint.xunit.xml
File 'package.xml' is valid

No problems found
-- run_test.py: return code 0
-- run_test.py: verify result file '/home/lio/Desktop/ROSPractice/Practice2_Node/build/village_wang/test_results/village_wang/xmllint.xunit.xml'
</Value>
				</Measurement>
			</Results>
			<Labels>
				<Label>linter</Label>
				<Label>xmllint</Label>
			</Labels>
		</Test>
		<EndDateTime>Dec 15 14:16 CST</EndDateTime>
		<EndTestTime>1671084978</EndTestTime>
		<ElapsedMinutes>0</ElapsedMinutes>
	</Testing>
</Site>
